[debug] [2024-07-07T00:19:02.241Z] ----------------------------------------------------------------------
[debug] [2024-07-07T00:19:02.243Z] Command:       C:\Program Files\nodejs\node.exe C:\Program Files\nodejs\node_modules\firebase-tools\lib\bin\firebase.js deploy
[debug] [2024-07-07T00:19:02.243Z] CLI Version:   13.13.0
[debug] [2024-07-07T00:19:02.243Z] Platform:      win32
[debug] [2024-07-07T00:19:02.243Z] Node Version:  v18.19.0
[debug] [2024-07-07T00:19:02.244Z] Time:          Sun Jul 07 2024 08:19:02 GMT+0800 (台北標準時間)
[debug] [2024-07-07T00:19:02.244Z] ----------------------------------------------------------------------
[debug] 
[debug] [2024-07-07T00:19:02.308Z] > command requires scopes: ["email","openid","https://www.googleapis.com/auth/cloudplatformprojects.readonly","https://www.googleapis.com/auth/firebase","https://www.googleapis.com/auth/cloud-platform"]
[debug] [2024-07-07T00:19:02.308Z] > authorizing via signed-in user (cindy951357@gmail.com)
[debug] [2024-07-07T00:19:02.308Z] [iam] checking project react-blog-fe082 for permissions ["cloudfunctions.functions.create","cloudfunctions.functions.delete","cloudfunctions.functions.get","cloudfunctions.functions.list","cloudfunctions.functions.update","cloudfunctions.operations.get","firebase.projects.get","firebasehosting.sites.update"]
[debug] [2024-07-07T00:19:02.310Z] >>> [apiv2][query] POST https://cloudresourcemanager.googleapis.com/v1/projects/react-blog-fe082:testIamPermissions [none]
[debug] [2024-07-07T00:19:02.310Z] >>> [apiv2][(partial)header] POST https://cloudresourcemanager.googleapis.com/v1/projects/react-blog-fe082:testIamPermissions x-goog-quota-user=projects/react-blog-fe082
[debug] [2024-07-07T00:19:02.310Z] >>> [apiv2][body] POST https://cloudresourcemanager.googleapis.com/v1/projects/react-blog-fe082:testIamPermissions {"permissions":["cloudfunctions.functions.create","cloudfunctions.functions.delete","cloudfunctions.functions.get","cloudfunctions.functions.list","cloudfunctions.functions.update","cloudfunctions.operations.get","firebase.projects.get","firebasehosting.sites.update"]}
[debug] [2024-07-07T00:19:03.445Z] <<< [apiv2][status] POST https://cloudresourcemanager.googleapis.com/v1/projects/react-blog-fe082:testIamPermissions 200
[debug] [2024-07-07T00:19:03.445Z] <<< [apiv2][body] POST https://cloudresourcemanager.googleapis.com/v1/projects/react-blog-fe082:testIamPermissions {"permissions":["cloudfunctions.functions.create","cloudfunctions.functions.delete","cloudfunctions.functions.get","cloudfunctions.functions.list","cloudfunctions.functions.update","cloudfunctions.operations.get","firebase.projects.get","firebasehosting.sites.update"]}
[debug] [2024-07-07T00:19:03.446Z] >>> [apiv2][query] POST https://iam.googleapis.com/v1/projects/react-blog-fe082/serviceAccounts/react-blog-fe082@appspot.gserviceaccount.com:testIamPermissions [none]
[debug] [2024-07-07T00:19:03.446Z] >>> [apiv2][body] POST https://iam.googleapis.com/v1/projects/react-blog-fe082/serviceAccounts/react-blog-fe082@appspot.gserviceaccount.com:testIamPermissions {"permissions":["iam.serviceAccounts.actAs"]}
[debug] [2024-07-07T00:19:03.972Z] <<< [apiv2][status] POST https://iam.googleapis.com/v1/projects/react-blog-fe082/serviceAccounts/react-blog-fe082@appspot.gserviceaccount.com:testIamPermissions 200
[debug] [2024-07-07T00:19:03.973Z] <<< [apiv2][body] POST https://iam.googleapis.com/v1/projects/react-blog-fe082/serviceAccounts/react-blog-fe082@appspot.gserviceaccount.com:testIamPermissions {"permissions":["iam.serviceAccounts.actAs"]}
[debug] [2024-07-07T00:19:03.974Z] >>> [apiv2][query] GET https://firebase.googleapis.com/v1beta1/projects/react-blog-fe082 [none]
[debug] [2024-07-07T00:19:04.729Z] <<< [apiv2][status] GET https://firebase.googleapis.com/v1beta1/projects/react-blog-fe082 200
[debug] [2024-07-07T00:19:04.729Z] <<< [apiv2][body] GET https://firebase.googleapis.com/v1beta1/projects/react-blog-fe082 {"projectId":"react-blog-fe082","projectNumber":"719505269512","displayName":"react-blog","name":"projects/react-blog-fe082","resources":{"hostingSite":"react-blog-fe082"},"state":"ACTIVE","etag":"1_b5f6b72c-8053-41f2-9445-286f70e58200"}
[info] 
   Thank you for trying our early preview of Next.js support on Firebase Hosting.
   During the preview, support is best-effort and breaking changes can be expected. Proceed with caution.
   The integration is known to work with Next.js version 12 - 14.0. You may encounter errors.

   Documentation: https://firebase.google.com/docs/hosting/frameworks/nextjs
   File a bug: https://github.com/firebase/firebase-tools/issues/new?template=bug_report.md
   Submit a feature request: https://github.com/firebase/firebase-tools/issues/new?template=feature_request.md

   We'd love to learn from you. Express your interest in helping us shape the future of Firebase Hosting: https://goo.gle/41enW5X

[debug] [2024-07-07T00:19:13.520Z] >>> [apiv2][query] GET https://firebasehosting.googleapis.com/v1beta1/projects/react-blog-fe082/sites/react-blog-fe082 [none]
[debug] [2024-07-07T00:19:14.681Z] <<< [apiv2][status] GET https://firebasehosting.googleapis.com/v1beta1/projects/react-blog-fe082/sites/react-blog-fe082 200
[debug] [2024-07-07T00:19:14.681Z] <<< [apiv2][body] GET https://firebasehosting.googleapis.com/v1beta1/projects/react-blog-fe082/sites/react-blog-fe082 {"name":"projects/react-blog-fe082/sites/react-blog-fe082","defaultUrl":"https://react-blog-fe082.web.app","type":"DEFAULT_SITE"}
[info]   ▲ Next.js 14.2.4

[info] 

[info]    Creating an optimized production build ...

[info]  ✓ Compiled successfully

[info]    Linting and checking validity of types ...

[info] Failed to compile.


[info] ./react-blog/src/index.ts:11:46
Type error: Parameter 'req' implicitly has an 'any' type.

   9 | const handle = app.getRequestHandler();
  10 |
> 11 | exports.nextApp = functions.https.onRequest((req, res) => {
     |                                              ^
  12 |   return app.prepare().then(() => handle(req, res));
  13 | });
  14 |

[debug] [2024-07-07T00:19:23.798Z] Error: ENOENT: no such file or directory, open 'C:\Users\USER\Desktop\CodeProjects\ReactProjects\react-blog\.next\export-marker.json'
[error] 
[error] Error: An unexpected error has occurred.
